ERROR - Failed to get content on new - 20160209121058 - Zenit teve direito de preferência por Gaitán por 20 milhões de euros
ERROR - Failed to get content on new - 20160209121058 - Alemanha goleia Portugal e vence torneio Internacional do Algarve
ERROR - Failed to get content on new - 20160209121058 - Bryan Ruiz apela à tranquilidade em Alvalade
ERROR - Failed to get content on new - 20160209121058 - Slimani agradece iniciativa de apoio dos adeptos
ERROR - Failed to get content on new - 20160209121058 - Sporting oficializa renovação de William
ERROR - Failed to get content on new - 20160209121058 - Como Benfica e FC Porto preparam o clássico
ERROR - Failed to get content on new - 20160209121058 - Bruno de Carvalho vai ser ressarcido no caso das ofensas a funcionário do Gil Vicente
ERROR - Failed to get content on new - 20160209121058 - Os casos do jogo com o Arouca
ERROR - Failed to get content on new - 20160209121058 - Duarte Gomes: «Têm-nos em muito má conta se acham que um almoço nos pode influenciar»
ERROR - Failed to get content on new - 20160209121058 - Balanço à 20.ª jornada
ERROR - Failed to get content on new - 20160209121058 - 20.ª jornada: as notas dos árbitros
ERROR - Failed to get content on new - 20160209121058 - Carlos Xistra regressa para apitar o Sporting-Rio Ave
ERROR - Failed to get content on new - 20160209121058 - Cosme Machado com negativa no Sporting-Académica
ERROR - Failed to get content on new - 20160209121058 - Alfredo Braga: «Corroboro a opinião de Cosme»
ERROR - Failed to get content on new - 20160209121058 - 20.ª jornada: as notas dos árbitros
ERROR - Failed to get content on new - 20160209121058 - João Pinheiro volta a destacar-se
ERROR - Failed to get content on new - 20160209121058 - A classificação à 19.ª jornada
ERROR - Failed to get content on new - 20160209121058 - 18.ª jornada: as notas dos árbitros
ERROR - Failed to get content on new - 20160209121058 - Quatro candidatos a lugar no pódio
ERROR - Failed to get content on new - 20160209121058 - Balanço à 18.ª jornada
ERROR - Failed to get content on new - 20160209121058 - Balanço à 16.ª jornada
ERROR - Failed to get content on new - 20160209121058 - De Gea iria receber 12 milhões por época no Real Madrid  
ERROR - Failed to get content on new - 20160209121058 - Casemiro podia voltar a Madrid até 2017
ERROR - Failed to get content on new - 20160209121058 - Bebé custava 97 mil euros/mês ao Manchester United
ERROR - Failed to get content on new - 20160209121058 - Sebá custaria 5,75 milhões ao FC Porto
ERROR - Failed to get content on new - 20160209121058 - Sporting abdicou de Schaars por 675 mil euros
ERROR - Failed to get content on new - 20160209121058 - Kroos ganha 10,9 milhões ao ano no Real Madrid
ERROR - Failed to get content on new - 20160209121058 - Empréstimo de Layún custa 500 mil euros
ERROR - Failed to get content on new - 20160209121058 - Cavaco Silva condecora presidente da FPF e seleção nacional
ERROR - Failed to get content on new - 20160209121058 - Mundialito: Sporting perde e é eliminado
ERROR - Failed to get content on new - 20160209121058 - Sporting bateu Levante
ERROR - Failed to get content on new - 20160209121058 - Sporting perde frente a Madjer 
ERROR - Failed to get content on new - 20160209121058 - Madjer defronta o "seu" Sporting
ERROR - Failed to get content on new - 20160209121058 - Madjer destaca apoio de Bruno de Carvalho
ERROR - Failed to get content on new - 20160209121058 - Madjer: «Uma verdadeira temporada de sonho»
ERROR - Failed to get content on new - 20160209121058 - Jéssica Silva eleita a Melhor Jogadora da primeira volta
ERROR - Failed to get content on new - 20160209121058 - Valadares Gaia segue firme
ERROR - Failed to get content on new - 20160209121058 - Campeonato Nacional: Resultados e classificação
ERROR - Failed to get content on new - 20160209121058 - Sp. Braga com futebol feminino em 2016/17
ERROR - Failed to get content on new - 20160209121058 - Clubes da Liga convidados para campeonato nacional
ERROR - Failed to get content on new - 20160209121058 - Valadares Gaia e Albergaria na 2ª fase
ERROR - Failed to get content on new - 20160209121058 - Jogadoras abandonam jogo por humilhações do árbitro
ERROR - Failed to get content on new - 20160209121058 - Chidozie terá assinado contrato profissional por quatro épocas
ERROR - Failed to get content on new - 20160209121058 - Bryan Ruiz apela à tranquilidade em Alvalade
ERROR - Failed to get content on new - 20160209121058 - Slimani agradece iniciativa de apoio dos adeptos
ERROR - Failed to get content on new - 20160209121058 - Sporting oficializa renovação de William
ERROR - Failed to get content on new - 20160209121058 - Como Benfica e FC Porto preparam o clássico
ERROR - Failed to get content on new - 20160209121058 - Bruno de Carvalho vai ser ressarcido no caso das ofensas a funcionário do Gil Vicente
ERROR - Failed to get content on new - 20160209121058 - William Carvalho vai renovar até 2020
ERROR - Failed to get content on new - 20160209121058 - Chidozie terá assinado contrato profissional por quatro épocas
ERROR - Failed to get content on new - 20160209121058 - Bryan Ruiz apela à tranquilidade em Alvalade
ERROR - Failed to get content on new - 20160209121058 - Slimani agradece iniciativa de apoio dos adeptos
ERROR - Failed to get content on new - 20160209121058 - Sporting oficializa renovação de William
ERROR - Failed to get content on new - 20160209121058 - Como Benfica e FC Porto preparam o clássico
ERROR - Failed to get content on new - 20160209121058 - Bruno de Carvalho vai ser ressarcido no caso das ofensas a funcionário do Gil Vicente
ERROR - Failed to get content on new - 20160209121058 - William Carvalho vai renovar até 2020
ERROR - Failed to get content on new - 20160209121058 - Bernardo lesionado
ERROR - Failed to get content on new - 20160209121058 - Rebocho operado com sucesso 
ERROR - Failed to get content on new - 20160209121058 - Pedro Proença salienta que patrocínio é "um sinal de vitalidade"
ERROR - Failed to get content on new - 20160209121058 - Sindicato dos Jogadores repudia palavras de José Augusto
ERROR - Failed to get content on new - 20160209121058 - Ricardo Chéu demitido
ERROR - Failed to get content on new - 20160209121058 - Lourenço critica José Augusto
ERROR - Failed to get content on new - 20160209121058 - Rebocho fraturou o perónio direito
ERROR - Failed to get content on new - 20160209121058 - João Beirão assina pelo Salgueiros
ERROR - Failed to get content on new - 20160209121058 - Fortes bisa frente ao Sertanense
ERROR - Failed to get content on new - 20160209121058 - Salários geram apreensão no Tirsense
ERROR - Failed to get content on new - 20160209121058 - Cinfães contrata avançado Santiago Silva 
ERROR - Failed to get content on new - 20160209121058 - Vilafranquense contrata segundo melhor goleador do Campeonato de Portugal Prio
ERROR - Failed to get content on new - 20160209121058 - Rui Varela reforça Cova da Piedade
ERROR - Failed to get content on new - 20160209121058 - Martim Águas reforça 1.º Dezembro
ERROR - Failed to get content on new - 20160209121058 - Benfica vence na deslocação a Portimão 
ERROR - Failed to get content on new - 20160209121058 - Sporting vence Tondela
ERROR - Failed to get content on new - 20160209121058 - Sporting vence U. Leiria em jogo de loucos (4-3)
ERROR - Failed to get content on new - 20160209121058 - Benfica goleia V. Setúbal no arranque da 2.ª fase (6-1)
ERROR - Failed to get content on new - 20160209121058 - Sporting passeia com classe
ERROR - Failed to get content on new - 20160209121058 - Benfica goleia CAC Pontinha no Seixal
ERROR - Failed to get content on new - 20160209121058 - Sporting campeão nos descontos
ERROR - Failed to get content on new - 20160209121058 - Sporting bate V. Setúbal e segue na liderança
ERROR - Failed to get content on new - 20160209121058 - Lucas Reis treina nos juvenis das águias
ERROR - Failed to get content on new - 20160209121058 - Benfica começa segunda fase com triunfo
ERROR - Failed to get content on new - 20160209121058 - FC Porto entra a vencer na segunda fase
ERROR - Failed to get content on new - 20160209121058 - Sporting goleia Belenenses a abrir fase de apuramento de campeão
ERROR - Failed to get content on new - 20160209121058 - Dérbi lisboeta na ronda inicial
ERROR - Failed to get content on new - 20160209121058 - Sacavanense derrota Benfica com hat-trick de Ivan
