WARNING - Http status code title: 0
WARNING - Did not found the text of the 1- https://arquivo.pt/noFrame/replay/20080314204054/http://ojogo.pt/robots.txt
WARNING - Http status code title: 2
WARNING - Did not found the text of the 3- https://arquivo.pt/noFrame/replay/20081022111711/http://ojogo.pt/robots.txt
WARNING - Http status code title: 4
WARNING - Did not found the text of the 5- https://arquivo.pt/noFrame/replay/20090926202541/http://ojogo.pt/robots.txt
WARNING - Http status code title: 6
WARNING - Did not found the text of the 7- https://arquivo.pt/noFrame/replay/20091218185610/http://ojogo.pt/robots.txt
WARNING - Http status code title: 8
WARNING - Did not found the text of the 9- https://arquivo.pt/noFrame/replay/20100609185915/http://ojogo.pt/robots.txt
WARNING - Did not found the text of the 10- https://arquivo.pt/noFrame/replay/20100806130521/http://ojogo.pt/robots.txt
WARNING - Http status code title: 11
WARNING - Did not found the text of the 12- https://arquivo.pt/noFrame/replay/20110522121550/http://ojogo.pt/robots.txt
WARNING - Did not found the text of the 13- https://arquivo.pt/noFrame/replay/20110703103324/http://ojogo.pt/robots.txt
WARNING - Http status code title: 14
WARNING - Did not found the text of the 15- https://arquivo.pt/noFrame/replay/20120123123040/http://ojogo.pt/robots.txt
WARNING - Http status code title: 16
WARNING - Did not found the text of the 17- https://arquivo.pt/noFrame/replay/20131107193939/http://ojogo.pt/robots.txt
WARNING - Http status code title: 18
WARNING - Did not found the text of the 19- https://arquivo.pt/noFrame/replay/20140927221605/http://ojogo.pt/robots.txt
WARNING - Http status code title: 20
WARNING - Did not found the text of the 21- https://arquivo.pt/noFrame/replay/20150419033339/http://ojogo.pt/robots.txt
WARNING - Http status code title: 22
WARNING - Did not found the text of the 23- https://arquivo.pt/noFrame/replay/20150909035223/http://ojogo.pt/robots.txt
WARNING - Did not found the text of the 24- https://arquivo.pt/noFrame/replay/20151121091058/http://ojogo.pt/robots.txt
WARNING - Http status code title: 25
ERROR - Error fetching URL 'https://arquivo.pt/textsearch?q=&to=20231002104331&siteSearch=ojogo.pt&maxItems=2000&prettyPrint=false&dedupValue=2000&dedupField=site&offset=0': 400 Client Error: Bad Request for url: https://arquivo.pt/noFrame/replay/20160208180239/https://www.ojogo.pt/robots.txt
WARNING - Http status code title: 0
WARNING - Http status code title: 2
WARNING - Http status code title: 4
WARNING - Http status code title: 6
WARNING - Http status code title: 8
WARNING - Http status code title: 11
WARNING - Http status code title: 14
WARNING - Http status code title: 16
WARNING - Http status code title: 18
WARNING - Http status code title: 20
WARNING - Http status code title: 22
WARNING - Http status code title: 25
WARNING - Did not found the text of the 27- https://arquivo.pt/noFrame/replay/20161104040809/http://ojogo.pt/robots.txt
WARNING - Http status code title: 28
WARNING - Http status code title: 29
WARNING - Did not found the text of the 30- https://arquivo.pt/noFrame/replay/20170228182145/http://ojogo.pt/robots.txt
WARNING - Http status code title: 31
WARNING - Http status code title: 32
WARNING - Http status code title: 33
WARNING - Http status code title: 34
WARNING - Http status code title: 35
WARNING - Http status code title: 36
WARNING - Http status code title: 37
WARNING - Did not found the text of the 38- https://arquivo.pt/noFrame/replay/20170804100704/http://ojogo.pt/robots.txt
WARNING - Http status code title: 39
WARNING - Http status code title: 40
WARNING - Http status code title: 41
WARNING - Http status code title: 42
WARNING - Http status code title: 43
WARNING - Did not found the text of the 44- https://arquivo.pt/noFrame/replay/20171216133400/http://ojogo.pt/robots.txt
WARNING - Http status code title: 45
WARNING - Http status code title: 46
WARNING - Http status code title: 47
WARNING - Did not found the text of the 48- https://arquivo.pt/noFrame/replay/20190831071446/https://ojogo.pt/apps-rss.html
WARNING - File already existed in database: 49
WARNING - File already existed in database: 50
WARNING - File already existed in database: 51
WARNING - File already existed in database: 52
WARNING - Did not found the text of the 53- https://arquivo.pt/noFrame/replay/20190905162219/https://ojogo.pt/autor/jose-manuel-ribeiro.html
WARNING - Did not found the text of the 54- https://arquivo.pt/noFrame/replay/20190831073744/https://ojogo.pt/cartoesbp.html
WARNING - File already existed in database: 55
WARNING - File already existed in database: 56
WARNING - File already existed in database: 57
WARNING - File already existed in database: 58
WARNING - File already existed in database: 59
WARNING - File already existed in database: 60
WARNING - File already existed in database: 61
WARNING - File already existed in database: 62
WARNING - File already existed in database: 63
WARNING - File already existed in database: 64
WARNING - File already existed in database: 65
WARNING - File already existed in database: 66
WARNING - File already existed in database: 67
WARNING - File already existed in database: 68
WARNING - File already existed in database: 69
WARNING - File already existed in database: 70
WARNING - File already existed in database: 71
WARNING - File already existed in database: 72
WARNING - File already existed in database: 73
WARNING - File already existed in database: 74
WARNING - File already existed in database: 75
WARNING - File already existed in database: 76
WARNING - File already existed in database: 77
WARNING - Did not found the text of the 78- https://arquivo.pt/noFrame/replay/20190831083512/https://ojogo.pt/futebol/1a-liga/sporting-braga.html
WARNING - File already existed in database: 79
WARNING - File already existed in database: 80
WARNING - File already existed in database: 81
WARNING - File already existed in database: 82
WARNING - File already existed in database: 83
WARNING - File already existed in database: 84
WARNING - File already existed in database: 85
WARNING - File already existed in database: 86
WARNING - File already existed in database: 87
WARNING - File already existed in database: 88
WARNING - File already existed in database: 89
WARNING - File already existed in database: 90
WARNING - File already existed in database: 91
WARNING - File already existed in database: 92
WARNING - File already existed in database: 93
WARNING - File already existed in database: 94
WARNING - File already existed in database: 95
WARNING - File already existed in database: 96
WARNING - File already existed in database: 97
WARNING - File already existed in database: 98
WARNING - File already existed in database: 99
WARNING - File already existed in database: 100
WARNING - File already existed in database: 101
WARNING - File already existed in database: 102
WARNING - File already existed in database: 103
WARNING - File already existed in database: 104
WARNING - File already existed in database: 105
WARNING - File already existed in database: 106
WARNING - File already existed in database: 107
WARNING - File already existed in database: 108
WARNING - File already existed in database: 109
WARNING - File already existed in database: 110
WARNING - File already existed in database: 111
WARNING - Did not found the text of the 112- https://arquivo.pt/noFrame/replay/20190831070615/https://ojogo.pt/modalidades/andebol.html
WARNING - File already existed in database: 113
WARNING - File already existed in database: 114
WARNING - Did not found the text of the 115- https://arquivo.pt/noFrame/replay/20190831070641/https://ojogo.pt/modalidades/basquetebol.html
WARNING - File already existed in database: 116
WARNING - File already existed in database: 117
WARNING - File already existed in database: 118
WARNING - File already existed in database: 119
WARNING - File already existed in database: 120
WARNING - File already existed in database: 121
WARNING - File already existed in database: 122
WARNING - File already existed in database: 123
WARNING - File already existed in database: 124
WARNING - File already existed in database: 125
WARNING - File already existed in database: 126
WARNING - File already existed in database: 127
WARNING - File already existed in database: 128
WARNING - File already existed in database: 129
WARNING - File already existed in database: 130
WARNING - File already existed in database: 131
WARNING - File already existed in database: 132
WARNING - File already existed in database: 133
WARNING - File already existed in database: 134
WARNING - File already existed in database: 135
WARNING - File already existed in database: 136
WARNING - File already existed in database: 137
WARNING - File already existed in database: 138
WARNING - File already existed in database: 139
WARNING - File already existed in database: 140
WARNING - File already existed in database: 141
WARNING - File already existed in database: 142
WARNING - File already existed in database: 143
WARNING - Did not found the text of the 144- https://arquivo.pt/noFrame/replay/20190831092552/https://ojogo.pt/newsletter/newsletter_clubes.aspx?clube=braga
WARNING - File already existed in database: 145
WARNING - File already existed in database: 146
WARNING - File already existed in database: 147
WARNING - File already existed in database: 148
WARNING - File already existed in database: 149
WARNING - File already existed in database: 150
WARNING - File already existed in database: 151
WARNING - File already existed in database: 152
WARNING - File already existed in database: 153
WARNING - File already existed in database: 154
WARNING - Did not found the text of the 155- https://arquivo.pt/noFrame/replay/20190831071137/https://ojogo.pt/opiniao/cronistas/jorgecoroado.html
WARNING - File already existed in database: 156
WARNING - File already existed in database: 157
WARNING - File already existed in database: 158
WARNING - File already existed in database: 159
WARNING - File already existed in database: 160
WARNING - File already existed in database: 161
WARNING - File already existed in database: 162
WARNING - File already existed in database: 163
WARNING - File already existed in database: 164
WARNING - File already existed in database: 165
WARNING - File already existed in database: 166
WARNING - File already existed in database: 167
WARNING - File already existed in database: 168
WARNING - File already existed in database: 169
WARNING - File already existed in database: 170
WARNING - File already existed in database: 171
WARNING - File already existed in database: 172
WARNING - File already existed in database: 173
WARNING - File already existed in database: 174
WARNING - Did not found the text of the 175- https://arquivo.pt/noFrame/replay/20190831082938/https://ojogo.pt/pesquisa.html?q=modalidades%20Motores
WARNING - Did not found the text of the 176- https://arquivo.pt/noFrame/replay/20190831071256/https://ojogo.pt/resultados.html?phasechild=
WARNING - Did not found the text of the 177- https://arquivo.pt/noFrame/replay/20190905162932/https://ojogo.pt/tag/extra.html
WARNING - Did not found the text of the 178- https://arquivo.pt/noFrame/replay/20190831082544/https://ojogo.pt/tag/hoquei-em-patins.html
WARNING - Did not found the text of the 179- https://arquivo.pt/noFrame/replay/20190831083140/https://ojogo.pt/tag/outras-modalidades.html
WARNING - File already existed in database: 180
WARNING - File already existed in database: 181
WARNING - File already existed in database: 182
WARNING - File already existed in database: 183
WARNING - File already existed in database: 184
WARNING - File already existed in database: 185
WARNING - File already existed in database: 186
WARNING - File already existed in database: 187
WARNING - File already existed in database: 188
WARNING - File already existed in database: 189
WARNING - File already existed in database: 190
WARNING - File already existed in database: 191
WARNING - File already existed in database: 192
WARNING - File already existed in database: 193
WARNING - File already existed in database: 194
WARNING - Did not found the text of the 195- https://arquivo.pt/noFrame/replay/20190831070947/https://ojogo.pt/futebol/1a-liga/famalicao.html
WARNING - File already existed in database: 196
WARNING - File already existed in database: 197
WARNING - File already existed in database: 198
WARNING - File already existed in database: 199
WARNING - File already existed in database: 200
WARNING - File already existed in database: 201
WARNING - File already existed in database: 202
WARNING - File already existed in database: 203
WARNING - File already existed in database: 204
WARNING - File already existed in database: 205
WARNING - File already existed in database: 206
WARNING - File already existed in database: 207
WARNING - File already existed in database: 208
WARNING - File already existed in database: 209
WARNING - File already existed in database: 210
WARNING - File already existed in database: 211
WARNING - File already existed in database: 212
WARNING - File already existed in database: 213
WARNING - File already existed in database: 214
WARNING - File already existed in database: 215
WARNING - File already existed in database: 216
WARNING - File already existed in database: 217
WARNING - File already existed in database: 218
WARNING - File already existed in database: 219
WARNING - File already existed in database: 220
WARNING - File already existed in database: 221
WARNING - File already existed in database: 222
WARNING - File already existed in database: 223
WARNING - File already existed in database: 224
WARNING - File already existed in database: 225
WARNING - File already existed in database: 226
WARNING - File already existed in database: 227
WARNING - File already existed in database: 228
WARNING - File already existed in database: 229
WARNING - File already existed in database: 230
WARNING - File already existed in database: 231
WARNING - File already existed in database: 232
WARNING - File already existed in database: 233
WARNING - File already existed in database: 234
WARNING - File already existed in database: 235
WARNING - File already existed in database: 236
WARNING - File already existed in database: 237
WARNING - File already existed in database: 238
WARNING - File already existed in database: 239
WARNING - File already existed in database: 240
WARNING - File already existed in database: 241
WARNING - File already existed in database: 242
WARNING - File already existed in database: 243
WARNING - File already existed in database: 244
WARNING - File already existed in database: 245
WARNING - File already existed in database: 246
WARNING - File already existed in database: 247
WARNING - File already existed in database: 248
WARNING - File already existed in database: 249
WARNING - File already existed in database: 250
WARNING - File already existed in database: 251
WARNING - File already existed in database: 252
WARNING - File already existed in database: 253
WARNING - File already existed in database: 254
WARNING - File already existed in database: 255
WARNING - File already existed in database: 256
WARNING - File already existed in database: 257
WARNING - File already existed in database: 258
WARNING - File already existed in database: 259
WARNING - File already existed in database: 260
WARNING - File already existed in database: 261
WARNING - File already existed in database: 262
WARNING - File already existed in database: 263
WARNING - File already existed in database: 264
WARNING - File already existed in database: 265
WARNING - File already existed in database: 266
WARNING - File already existed in database: 267
WARNING - File already existed in database: 268
WARNING - File already existed in database: 269
WARNING - Did not found the text of the 270- https://arquivo.pt/noFrame/replay/20190831092544/https://ojogo.pt/newsletter/newsletter_clubes.aspx?clube=benfica
WARNING - Did not found the text of the 271- https://arquivo.pt/noFrame/replay/20190831092556/https://ojogo.pt/newsletter/newsletter_clubes.aspx?clube=guimaraes
WARNING - File already existed in database: 272
WARNING - File already existed in database: 273
WARNING - File already existed in database: 274
WARNING - File already existed in database: 275
WARNING - File already existed in database: 276
WARNING - File already existed in database: 277
WARNING - File already existed in database: 278
WARNING - File already existed in database: 279
WARNING - File already existed in database: 280
WARNING - File already existed in database: 281
WARNING - File already existed in database: 282
WARNING - File already existed in database: 283
WARNING - File already existed in database: 284
WARNING - File already existed in database: 285
WARNING - File already existed in database: 286
WARNING - File already existed in database: 287
WARNING - Did not found the text of the 288- https://arquivo.pt/noFrame/replay/20190831090257/https://ojogo.pt/tag/claudia-garcia.html
WARNING - Did not found the text of the 289- https://arquivo.pt/noFrame/replay/20190831092731/https://ojogo.pt/tag/futebol-nacional.html
WARNING - File already existed in database: 290
WARNING - File already existed in database: 291
WARNING - Did not found the text of the 292- https://arquivo.pt/noFrame/replay/20190831070030/https://ojogo.pt/
WARNING - File already existed in database: 293
WARNING - File already existed in database: 294
WARNING - File already existed in database: 295
WARNING - File already existed in database: 296
WARNING - File already existed in database: 297
WARNING - File already existed in database: 298
WARNING - File already existed in database: 299
WARNING - File already existed in database: 300
WARNING - File already existed in database: 301
WARNING - File already existed in database: 302
WARNING - File already existed in database: 303
WARNING - File already existed in database: 304
WARNING - File already existed in database: 305
WARNING - File already existed in database: 306
WARNING - File already existed in database: 307
WARNING - File already existed in database: 308
WARNING - File already existed in database: 309
WARNING - File already existed in database: 310
WARNING - File already existed in database: 311
WARNING - File already existed in database: 312
WARNING - File already existed in database: 313
WARNING - File already existed in database: 314
WARNING - File already existed in database: 315
WARNING - File already existed in database: 316
WARNING - File already existed in database: 317
WARNING - File already existed in database: 318
WARNING - File already existed in database: 319
WARNING - File already existed in database: 320
WARNING - File already existed in database: 321
WARNING - File already existed in database: 322
WARNING - File already existed in database: 323
WARNING - File already existed in database: 324
WARNING - File already existed in database: 325
WARNING - File already existed in database: 326
WARNING - File already existed in database: 327
WARNING - File already existed in database: 328
WARNING - File already existed in database: 329
WARNING - File already existed in database: 330
WARNING - Did not found the text of the 331- https://arquivo.pt/noFrame/replay/20190831070522/https://ojogo.pt/futebol/taca-liga.html
WARNING - File already existed in database: 332
WARNING - File already existed in database: 333
WARNING - File already existed in database: 334
WARNING - File already existed in database: 335
WARNING - File already existed in database: 336
WARNING - File already existed in database: 337
WARNING - File already existed in database: 338
WARNING - File already existed in database: 339
WARNING - File already existed in database: 340
WARNING - File already existed in database: 341
WARNING - File already existed in database: 342
WARNING - File already existed in database: 343
WARNING - File already existed in database: 344
WARNING - File already existed in database: 345
WARNING - File already existed in database: 346
WARNING - File already existed in database: 347
WARNING - File already existed in database: 348
WARNING - File already existed in database: 349
WARNING - File already existed in database: 350
WARNING - File already existed in database: 351
WARNING - Did not found the text of the 352- https://arquivo.pt/noFrame/replay/20190831070310/https://ojogo.pt/modalidades.html
WARNING - File already existed in database: 353
WARNING - File already existed in database: 354
WARNING - File already existed in database: 355
WARNING - File already existed in database: 356
WARNING - File already existed in database: 357
WARNING - File already existed in database: 358
WARNING - File already existed in database: 359
WARNING - File already existed in database: 360
WARNING - File already existed in database: 361
WARNING - File already existed in database: 362
WARNING - File already existed in database: 363
WARNING - File already existed in database: 364
WARNING - File already existed in database: 365
WARNING - File already existed in database: 366
WARNING - File already existed in database: 367
WARNING - File already existed in database: 368
WARNING - File already existed in database: 369
WARNING - File already existed in database: 370
WARNING - File already existed in database: 371
WARNING - File already existed in database: 372
WARNING - File already existed in database: 373
WARNING - File already existed in database: 374
WARNING - File already existed in database: 375
WARNING - File already existed in database: 376
WARNING - File already existed in database: 377
WARNING - File already existed in database: 378
WARNING - File already existed in database: 379
WARNING - File already existed in database: 380
WARNING - File already existed in database: 381
WARNING - File already existed in database: 382
WARNING - File already existed in database: 383
WARNING - File already existed in database: 384
WARNING - File already existed in database: 385
WARNING - File already existed in database: 386
WARNING - File already existed in database: 387
WARNING - File already existed in database: 388
WARNING - File already existed in database: 389
WARNING - File already existed in database: 390
WARNING - Did not found the text of the 391- https://arquivo.pt/noFrame/replay/20190831093940/https://ojogo.pt/pesquisa.html
ERROR - Error fetching URL 'https://arquivo.pt/textsearch?q=&to=20231002104331&siteSearch=ojogo.pt&maxItems=2000&prettyPrint=false&dedupValue=2000&dedupField=site&offset=0': HTTPSConnectionPool(host='arquivo.pt', port=443): Max retries exceeded with url: /noFrame/replay/20190905151302/https://ojogo.pt/planeta-freitas-lobo/interior/cromos-episodio-28-casagrande-o-roqueiro-com-che-tatuado-numa-perna-10898468.html (Caused by NewConnectionError('<urllib3.connection.HTTPSConnection object at 0x7f3f53e28460>: Failed to establish a new connection: [Errno 101] Network is unreachable'))
WARNING - Http status code title: 0
WARNING - Http status code title: 2
WARNING - Http status code title: 4
WARNING - Http status code title: 6
WARNING - Http status code title: 8
WARNING - Http status code title: 11
WARNING - Http status code title: 14
WARNING - Http status code title: 16
WARNING - Http status code title: 18
WARNING - Http status code title: 20
WARNING - Http status code title: 22
WARNING - Http status code title: 25
WARNING - Http status code title: 28
WARNING - Http status code title: 29
WARNING - Http status code title: 31
WARNING - Http status code title: 32
WARNING - Http status code title: 33
WARNING - Http status code title: 34
WARNING - Http status code title: 35
WARNING - Http status code title: 36
WARNING - Http status code title: 37
WARNING - Http status code title: 39
WARNING - Http status code title: 40
WARNING - Http status code title: 41
WARNING - Http status code title: 42
WARNING - Http status code title: 43
WARNING - Http status code title: 45
WARNING - Http status code title: 46
WARNING - Http status code title: 47
WARNING - Did not found the text of the 393- https://arquivo.pt/noFrame/replay/20190831071300/https://ojogo.pt/resultados.html?league=
WARNING - Did not found the text of the 394- https://arquivo.pt/noFrame/replay/20190831075634/https://ojogo.pt/tag/excitacoes.html
WARNING - File already existed in database: 395
WARNING - File already existed in database: 396
WARNING - File already existed in database: 397
WARNING - File already existed in database: 398
WARNING - File already existed in database: 399
WARNING - File already existed in database: 400
WARNING - File already existed in database: 401
WARNING - File already existed in database: 402
WARNING - File already existed in database: 403
WARNING - File already existed in database: 404
WARNING - File already existed in database: 405
WARNING - File already existed in database: 406
WARNING - File already existed in database: 407
WARNING - File already existed in database: 408
WARNING - File already existed in database: 409
WARNING - File already existed in database: 410
WARNING - File already existed in database: 411
WARNING - Did not found the text of the 412- https://arquivo.pt/noFrame/replay/20190831070836/https://ojogo.pt/futebol/1a-liga/boavista.html
WARNING - File already existed in database: 413
WARNING - File already existed in database: 414
WARNING - Did not found the text of the 415- https://arquivo.pt/noFrame/replay/20190831070819/https://ojogo.pt/futebol/1a-liga/moreirense.html
WARNING - File already existed in database: 416
WARNING - File already existed in database: 417
WARNING - File already existed in database: 418
WARNING - File already existed in database: 419
WARNING - Did not found the text of the 420- https://arquivo.pt/noFrame/replay/20190831070941/https://ojogo.pt/futebol/1a-liga/pacos-ferreira.html
WARNING - File already existed in database: 421
WARNING - File already existed in database: 422
WARNING - File already existed in database: 423
WARNING - File already existed in database: 424
WARNING - File already existed in database: 425
WARNING - File already existed in database: 426
WARNING - File already existed in database: 427
WARNING - File already existed in database: 428
WARNING - File already existed in database: 429
WARNING - File already existed in database: 430
WARNING - File already existed in database: 431
WARNING - File already existed in database: 432
WARNING - File already existed in database: 433
WARNING - File already existed in database: 434
WARNING - File already existed in database: 435
WARNING - File already existed in database: 436
WARNING - File already existed in database: 437
WARNING - File already existed in database: 438
WARNING - File already existed in database: 439
WARNING - File already existed in database: 440
WARNING - Did not found the text of the 441- https://arquivo.pt/noFrame/replay/20190831070559/https://ojogo.pt/futebol/formacao.html
WARNING - Did not found the text of the 442- https://arquivo.pt/noFrame/replay/20190831070607/https://ojogo.pt/futebol/nao-profissional.html
WARNING - File already existed in database: 443
WARNING - File already existed in database: 444
WARNING - File already existed in database: 445
WARNING - File already existed in database: 446
WARNING - File already existed in database: 447
WARNING - File already existed in database: 448
WARNING - File already existed in database: 449
WARNING - File already existed in database: 450
WARNING - File already existed in database: 451
WARNING - File already existed in database: 452
WARNING - File already existed in database: 453
WARNING - File already existed in database: 454
WARNING - File already existed in database: 455
WARNING - File already existed in database: 456
WARNING - File already existed in database: 457
WARNING - File already existed in database: 458
WARNING - File already existed in database: 459
WARNING - File already existed in database: 460
WARNING - File already existed in database: 461
WARNING - File already existed in database: 462
WARNING - File already existed in database: 463
WARNING - File already existed in database: 464
WARNING - File already existed in database: 465
WARNING - File already existed in database: 466
WARNING - File already existed in database: 467
WARNING - File already existed in database: 468
WARNING - File already existed in database: 469
WARNING - File already existed in database: 470
WARNING - File already existed in database: 471
WARNING - File already existed in database: 472
